<component name="libraryTable">
  <library name="junit-4.13-rc-1">
    <CLASSES>
      <root url="jar://C:/IntelliJ IDEA 2018.2.3/lib/junit-4.13-rc-1.jar!/" />
    </CLASSES>
    <JAVADOC />
    <SOURCES />
  </library>
</component>